# JRE version: OpenJDK Runtime Environment (23.0.2+7) (build 23.0.2+7-58)
# Java VM: OpenJDK 64-Bit Server VM (23.0.2+7-58, mixed mode, sharing, tiered, compressed oops, compressed class ptrs, g1 gc, windows-amd64)
GC Precious Log:
 CardTable entry size: 512
 Card Set container configuration: InlinePtr #cards 5 size 8 Array Of Cards #cards 10 size 36 Howl #buckets 4 coarsen threshold 1843 Howl Bitmap #cards 512 size 80 coarsen threshold 460 Card regions per heap region 1 cards per card region 2048
 CPUs: 20 total, 20 available
 Memory: 16193M
 Large Page Support: Disabled
 NUMA Support: Disabled
 Compressed Oops: Enabled (32-bit)
 Heap Region Size: 1M
 Heap Min Capacity: 256M
 Heap Initial Capacity: 256M
 Heap Max Capacity: 512M
 Pre-touch: Disabled
 Parallel Workers: 15
 Concurrent Workers: 4
 Concurrent Refinement Workers: 15
 Periodic GC: Disabled
Heap:
 garbage-first heap   total reserved 524288K, committed 262144K, used 195667K [0x00000000e0000000, 0x0000000100000000)
  region size 1024K, 164 young (167936K), 20 survivors (20480K)
 Metaspace       used 64866K, committed 67072K, reserved 393216K
  class space    used 9399K, committed 10432K, reserved 327680K
GC Heap History (20 events):
Event: 0.419 GC heap after
{Heap after GC invocations=2 (full 0):
 garbage-first heap   total reserved 524288K, committed 262144K, used 11294K [0x00000000e0000000, 0x0000000100000000)
  region size 1024K, 4 young (4096K), 4 survivors (4096K)
 Metaspace       used 4697K, committed 4864K, reserved 393216K
  class space    used 599K, committed 704K, reserved 327680K
}
Event: 0.641 GC heap before
{Heap before GC invocations=2 (full 0):
 garbage-first heap   total reserved 524288K, committed 262144K, used 61470K [0x00000000e0000000, 0x0000000100000000)
  region size 1024K, 51 young (52224K), 4 survivors (4096K)
 Metaspace       used 4932K, committed 5248K, reserved 393216K
  class space    used 625K, committed 768K, reserved 327680K
}
Event: 0.643 GC heap after
{Heap after GC invocations=3 (full 0):
 garbage-first heap   total reserved 524288K, committed 262144K, used 16384K [0x00000000e0000000, 0x0000000100000000)
  region size 1024K, 7 young (7168K), 7 survivors (7168K)
 Metaspace       used 4932K, committed 5248K, reserved 393216K
  class space    used 625K, committed 768K, reserved 327680K
}
Event: 1.232 GC heap before
{Heap before GC invocations=3 (full 0):
 garbage-first heap   total reserved 524288K, committed 262144K, used 79872K [0x00000000e0000000, 0x0000000100000000)
  region size 1024K, 70 young (71680K), 7 survivors (7168K)
 Metaspace       used 17044K, committed 17600K, reserved 393216K
  class space    used 2424K, committed 2688K, reserved 327680K
}
Event: 1.236 GC heap after
{Heap after GC invocations=4 (full 0):
 garbage-first heap   total reserved 524288K, committed 262144K, used 22035K [0x00000000e0000000, 0x0000000100000000)
  region size 1024K, 9 young (9216K), 9 survivors (9216K)
 Metaspace       used 17044K, committed 17600K, reserved 393216K
  class space    used 2424K, committed 2688K, reserved 327680K
}
Event: 1.490 GC heap before
{Heap before GC invocations=4 (full 0):
 garbage-first heap   total reserved 524288K, committed 262144K, used 52755K [0x00000000e0000000, 0x0000000100000000)
  region size 1024K, 40 young (40960K), 9 survivors (9216K)
 Metaspace       used 20902K, committed 21504K, reserved 393216K
  class space    used 3108K, committed 3392K, reserved 327680K
}
Event: 1.493 GC heap after
{Heap after GC invocations=5 (full 0):
 garbage-first heap   total reserved 524288K, committed 262144K, used 24732K [0x00000000e0000000, 0x0000000100000000)
  region size 1024K, 8 young (8192K), 8 survivors (8192K)
 Metaspace       used 20902K, committed 21504K, reserved 393216K
  class space    used 3108K, committed 3392K, reserved 327680K
}
Event: 2.390 GC heap before
{Heap before GC invocations=6 (full 0):
 garbage-first heap   total reserved 524288K, committed 262144K, used 136348K [0x00000000e0000000, 0x0000000100000000)
  region size 1024K, 114 young (116736K), 8 survivors (8192K)
 Metaspace       used 34893K, committed 35968K, reserved 393216K
  class space    used 4972K, committed 5504K, reserved 327680K
}
Event: 2.395 GC heap after
{Heap after GC invocations=7 (full 0):
 garbage-first heap   total reserved 524288K, committed 262144K, used 33589K [0x00000000e0000000, 0x0000000100000000)
  region size 1024K, 17 young (17408K), 17 survivors (17408K)
 Metaspace       used 34893K, committed 35968K, reserved 393216K
  class space    used 4972K, committed 5504K, reserved 327680K
}
Event: 2.417 GC heap before
{Heap before GC invocations=7 (full 0):
 garbage-first heap   total reserved 524288K, committed 262144K, used 36661K [0x00000000e0000000, 0x0000000100000000)
  region size 1024K, 21 young (21504K), 17 survivors (17408K)
 Metaspace       used 35154K, committed 36288K, reserved 393216K
  class space    used 5020K, committed 5568K, reserved 327680K
}
Event: 2.422 GC heap after
{Heap after GC invocations=8 (full 0):
 garbage-first heap   total reserved 524288K, committed 262144K, used 32906K [0x00000000e0000000, 0x0000000100000000)
  region size 1024K, 9 young (9216K), 9 survivors (9216K)
 Metaspace       used 35154K, committed 36288K, reserved 393216K
  class space    used 5020K, committed 5568K, reserved 327680K
}
Event: 2.453 GC heap before
{Heap before GC invocations=8 (full 0):
 garbage-first heap   total reserved 524288K, committed 262144K, used 35978K [0x00000000e0000000, 0x0000000100000000)
  region size 1024K, 13 young (13312K), 9 survivors (9216K)
 Metaspace       used 35475K, committed 36608K, reserved 393216K
  class space    used 5063K, committed 5568K, reserved 327680K
}
Event: 2.455 GC heap after
{Heap after GC invocations=9 (full 0):
 garbage-first heap   total reserved 524288K, committed 262144K, used 33160K [0x00000000e0000000, 0x0000000100000000)
  region size 1024K, 10 young (10240K), 10 survivors (10240K)
 Metaspace       used 35475K, committed 36608K, reserved 393216K
  class space    used 5063K, committed 5568K, reserved 327680K
}
Event: 3.253 GC heap before
{Heap before GC invocations=10 (full 0):
 garbage-first heap   total reserved 524288K, committed 262144K, used 178568K [0x00000000e0000000, 0x0000000100000000)
  region size 1024K, 151 young (154624K), 10 survivors (10240K)
 Metaspace       used 49351K, committed 51072K, reserved 393216K
  class space    used 7182K, committed 8000K, reserved 327680K
}
Event: 3.259 GC heap after
{Heap after GC invocations=11 (full 0):
 garbage-first heap   total reserved 524288K, committed 262144K, used 41011K [0x00000000e0000000, 0x0000000100000000)
  region size 1024K, 17 young (17408K), 17 survivors (17408K)
 Metaspace       used 49351K, committed 51072K, reserved 393216K
  class space    used 7182K, committed 8000K, reserved 327680K
}
Event: 3.863 GC heap before
{Heap before GC invocations=11 (full 0):
 garbage-first heap   total reserved 524288K, committed 262144K, used 150579K [0x00000000e0000000, 0x0000000100000000)
  region size 1024K, 125 young (128000K), 17 survivors (17408K)
 Metaspace       used 59099K, committed 61120K, reserved 393216K
  class space    used 8748K, committed 9728K, reserved 327680K
}
Event: 3.871 GC heap after
{Heap after GC invocations=12 (full 0):
 garbage-first heap   total reserved 524288K, committed 262144K, used 48007K [0x00000000e0000000, 0x0000000100000000)
  region size 1024K, 16 young (16384K), 16 survivors (16384K)
 Metaspace       used 59099K, committed 61120K, reserved 393216K
  class space    used 8748K, committed 9728K, reserved 327680K
}
Event: 3.900 GC heap before
{Heap before GC invocations=12 (full 0):
 garbage-first heap   total reserved 524288K, committed 262144K, used 51079K [0x00000000e0000000, 0x0000000100000000)
  region size 1024K, 20 young (20480K), 16 survivors (16384K)
 Metaspace       used 59416K, committed 61440K, reserved 393216K
  class space    used 8799K, committed 9792K, reserved 327680K
}
Event: 3.904 GC heap after
{Heap after GC invocations=13 (full 0):
 garbage-first heap   total reserved 524288K, committed 262144K, used 48211K [0x00000000e0000000, 0x0000000100000000)
  region size 1024K, 9 young (9216K), 9 survivors (9216K)
 Metaspace       used 59416K, committed 61440K, reserved 393216K
  class space    used 8799K, committed 9792K, reserved 327680K
}
Event: 4.850 GC heap before
{Heap before GC invocations=14 (full 0):
 garbage-first heap   total reserved 524288K, committed 262144K, used 194643K [0x00000000e0000000, 0x0000000100000000)
  region size 1024K, 153 young (156672K), 9 survivors (9216K)
 Metaspace       used 64866K, committed 67072K, reserved 393216K
  class space    used 9399K, committed 10432K, reserved 327680K
}

