# JRE version: OpenJDK Runtime Environment (23.0.2+7) (build 23.0.2+7-58)
# Java VM: OpenJDK 64-Bit Server VM (23.0.2+7-58, mixed mode, sharing, tiered, compressed oops, compressed class ptrs, g1 gc, windows-amd64)
GC Precious Log:
 CardTable entry size: 512
 Card Set container configuration: InlinePtr #cards 4 size 8 Array Of Cards #cards 16 size 48 Howl #buckets 8 coarsen threshold 3686 Howl Bitmap #cards 512 size 80 coarsen threshold 460 Card regions per heap region 1 cards per card region 4096
 CPUs: 20 total, 20 available
 Memory: 16193M
 Large Page Support: Disabled
 NUMA Support: Disabled
 Compressed Oops: Enabled (Zero based)
 Heap Region Size: 2M
 Heap Min Capacity: 8M
 Heap Initial Capacity: 254M
 Heap Max Capacity: 4050M
 Pre-touch: Disabled
 Parallel Workers: 15
 Concurrent Workers: 4
 Concurrent Refinement Workers: 15
 Periodic GC: Disabled
Heap:
 garbage-first heap   total reserved 4147200K, committed 96256K, used 53966K [0x0000000702e00000, 0x0000000800000000)
  region size 2048K, 4 young (8192K), 2 survivors (4096K)
 Metaspace       used 93006K, committed 93696K, reserved 1179648K
  class space    used 12863K, committed 13184K, reserved 1048576K
GC Heap History (20 events):
Event: 4.201 GC heap before
{Heap before GC invocations=15 (full 0):
 garbage-first heap   total reserved 4147200K, committed 65536K, used 54616K [0x0000000702e00000, 0x0000000800000000)
  region size 2048K, 14 young (28672K), 1 survivors (2048K)
 Metaspace       used 71910K, committed 72512K, reserved 1114112K
  class space    used 9793K, committed 10048K, reserved 1048576K
}
Event: 4.203 GC heap after
{Heap after GC invocations=16 (full 0):
 garbage-first heap   total reserved 4147200K, committed 65536K, used 31175K [0x0000000702e00000, 0x0000000800000000)
  region size 2048K, 2 young (4096K), 2 survivors (4096K)
 Metaspace       used 71910K, committed 72512K, reserved 1114112K
  class space    used 9793K, committed 10048K, reserved 1048576K
}
Event: 4.411 GC heap before
{Heap before GC invocations=16 (full 0):
 garbage-first heap   total reserved 4147200K, committed 65536K, used 51655K [0x0000000702e00000, 0x0000000800000000)
  region size 2048K, 13 young (26624K), 2 survivors (4096K)
 Metaspace       used 76192K, committed 76800K, reserved 1179648K
  class space    used 10528K, committed 10816K, reserved 1048576K
}
Event: 4.414 GC heap after
{Heap after GC invocations=17 (full 0):
 garbage-first heap   total reserved 4147200K, committed 65536K, used 33222K [0x0000000702e00000, 0x0000000800000000)
  region size 2048K, 2 young (4096K), 2 survivors (4096K)
 Metaspace       used 76192K, committed 76800K, reserved 1179648K
  class space    used 10528K, committed 10816K, reserved 1048576K
}
Event: 4.454 GC heap before
{Heap before GC invocations=17 (full 0):
 garbage-first heap   total reserved 4147200K, committed 65536K, used 53702K [0x0000000702e00000, 0x0000000800000000)
  region size 2048K, 12 young (24576K), 2 survivors (4096K)
 Metaspace       used 76236K, committed 76864K, reserved 1179648K
  class space    used 10533K, committed 10816K, reserved 1048576K
}
Event: 4.456 GC heap after
{Heap after GC invocations=18 (full 0):
 garbage-first heap   total reserved 4147200K, committed 79872K, used 35881K [0x0000000702e00000, 0x0000000800000000)
  region size 2048K, 2 young (4096K), 2 survivors (4096K)
 Metaspace       used 76236K, committed 76864K, reserved 1179648K
  class space    used 10533K, committed 10816K, reserved 1048576K
}
Event: 4.641 GC heap before
{Heap before GC invocations=19 (full 0):
 garbage-first heap   total reserved 4147200K, committed 79872K, used 66601K [0x0000000702e00000, 0x0000000800000000)
  region size 2048K, 18 young (36864K), 2 survivors (4096K)
 Metaspace       used 77669K, committed 78272K, reserved 1179648K
  class space    used 10910K, committed 11200K, reserved 1048576K
}
Event: 4.643 GC heap after
{Heap after GC invocations=20 (full 0):
 garbage-first heap   total reserved 4147200K, committed 79872K, used 39351K [0x0000000702e00000, 0x0000000800000000)
  region size 2048K, 3 young (6144K), 3 survivors (6144K)
 Metaspace       used 77669K, committed 78272K, reserved 1179648K
  class space    used 10910K, committed 11200K, reserved 1048576K
}
Event: 4.679 GC heap before
{Heap before GC invocations=20 (full 0):
 garbage-first heap   total reserved 4147200K, committed 79872K, used 65975K [0x0000000702e00000, 0x0000000800000000)
  region size 2048K, 16 young (32768K), 3 survivors (6144K)
 Metaspace       used 77688K, committed 78336K, reserved 1179648K
  class space    used 10910K, committed 11200K, reserved 1048576K
}
Event: 4.680 GC heap after
{Heap after GC invocations=21 (full 0):
 garbage-first heap   total reserved 4147200K, committed 79872K, used 37736K [0x0000000702e00000, 0x0000000800000000)
  region size 2048K, 1 young (2048K), 1 survivors (2048K)
 Metaspace       used 77688K, committed 78336K, reserved 1179648K
  class space    used 10910K, committed 11200K, reserved 1048576K
}
Event: 4.718 GC heap before
{Heap before GC invocations=21 (full 0):
 garbage-first heap   total reserved 4147200K, committed 79872K, used 68456K [0x0000000702e00000, 0x0000000800000000)
  region size 2048K, 16 young (32768K), 1 survivors (2048K)
 Metaspace       used 77689K, committed 78336K, reserved 1179648K
  class space    used 10910K, committed 11200K, reserved 1048576K
}
Event: 4.720 GC heap after
{Heap after GC invocations=22 (full 0):
 garbage-first heap   total reserved 4147200K, committed 79872K, used 42989K [0x0000000702e00000, 0x0000000800000000)
  region size 2048K, 2 young (4096K), 2 survivors (4096K)
 Metaspace       used 77689K, committed 78336K, reserved 1179648K
  class space    used 10910K, committed 11200K, reserved 1048576K
}
Event: 4.792 GC heap before
{Heap before GC invocations=23 (full 0):
 garbage-first heap   total reserved 4147200K, committed 79872K, used 67565K [0x0000000702e00000, 0x0000000800000000)
  region size 2048K, 15 young (30720K), 2 survivors (4096K)
 Metaspace       used 79487K, committed 80064K, reserved 1179648K
  class space    used 11158K, committed 11392K, reserved 1048576K
}
Event: 4.793 GC heap after
{Heap after GC invocations=24 (full 0):
 garbage-first heap   total reserved 4147200K, committed 79872K, used 44635K [0x0000000702e00000, 0x0000000800000000)
  region size 2048K, 1 young (2048K), 1 survivors (2048K)
 Metaspace       used 79487K, committed 80064K, reserved 1179648K
  class space    used 11158K, committed 11392K, reserved 1048576K
}
Event: 4.858 GC heap before
{Heap before GC invocations=24 (full 0):
 garbage-first heap   total reserved 4147200K, committed 79872K, used 69211K [0x0000000702e00000, 0x0000000800000000)
  region size 2048K, 13 young (26624K), 1 survivors (2048K)
 Metaspace       used 79826K, committed 80448K, reserved 1179648K
  class space    used 11206K, committed 11456K, reserved 1048576K
}
Event: 4.860 GC heap after
{Heap after GC invocations=25 (full 0):
 garbage-first heap   total reserved 4147200K, committed 79872K, used 44088K [0x0000000702e00000, 0x0000000800000000)
  region size 2048K, 1 young (2048K), 1 survivors (2048K)
 Metaspace       used 79826K, committed 80448K, reserved 1179648K
  class space    used 11206K, committed 11456K, reserved 1048576K
}
Event: 5.086 GC heap before
{Heap before GC invocations=25 (full 0):
 garbage-first heap   total reserved 4147200K, committed 79872K, used 70712K [0x0000000702e00000, 0x0000000800000000)
  region size 2048K, 14 young (28672K), 1 survivors (2048K)
 Metaspace       used 84009K, committed 84608K, reserved 1179648K
  class space    used 11751K, committed 12032K, reserved 1048576K
}
Event: 5.089 GC heap after
{Heap after GC invocations=26 (full 0):
 garbage-first heap   total reserved 4147200K, committed 96256K, used 46461K [0x0000000702e00000, 0x0000000800000000)
  region size 2048K, 2 young (4096K), 2 survivors (4096K)
 Metaspace       used 84009K, committed 84608K, reserved 1179648K
  class space    used 11751K, committed 12032K, reserved 1048576K
}
Event: 5.483 GC heap before
{Heap before GC invocations=27 (full 0):
 garbage-first heap   total reserved 4147200K, committed 96256K, used 83325K [0x0000000702e00000, 0x0000000800000000)
  region size 2048K, 21 young (43008K), 2 survivors (4096K)
 Metaspace       used 90364K, committed 91072K, reserved 1179648K
  class space    used 12479K, committed 12800K, reserved 1048576K
}
Event: 5.486 GC heap after
{Heap after GC invocations=28 (full 0):
 garbage-first heap   total reserved 4147200K, committed 96256K, used 49887K [0x0000000702e00000, 0x0000000800000000)
  region size 2048K, 3 young (6144K), 3 survivors (6144K)
 Metaspace       used 90364K, committed 91072K, reserved 1179648K
  class space    used 12479K, committed 12800K, reserved 1048576K
}

